# JRE version: OpenJDK Runtime Environment (8.0_292-b10) (build 1.8.0_292-8u292-b10-0ubuntu1~16.04.1-b10)
# Java VM: OpenJDK 64-Bit Server VM (25.292-b10 mixed mode linux-amd64 compressed oops)
Heap:
 def new generation   total 118528K, used 106954K [0x00000000c0000000, 0x00000000c8090000, 0x00000000d5550000)
  eden space 105408K, 100% used [0x00000000c0000000, 0x00000000c66f0000, 0x00000000c66f0000)
  from space 13120K,  11% used [0x00000000c66f0000, 0x00000000c6872818, 0x00000000c73c0000)
  to   space 13120K,   8% used [0x00000000c73c0000, 0x00000000c74d2f70, 0x00000000c8090000)
 tenured generation   total 263152K, used 254965K [0x00000000d5550000, 0x00000000e564c000, 0x0000000100000000)
   the space 263152K,  96% used [0x00000000d5550000, 0x00000000e4e4d400, 0x00000000e4e4d400, 0x00000000e564c000)
 Metaspace       used 96593K, capacity 100853K, committed 101080K, reserved 1138688K
  class space    used 12356K, capacity 12715K, committed 12800K, reserved 1048576K
GC Heap History (10 events):
Event: 157.897 GC heap after
Heap after GC invocations=948 (full 15):
 def new generation   total 118528K, used 3740K [0x00000000c0000000, 0x00000000c8090000, 0x00000000d5550000)
  eden space 105408K,   0% used [0x00000000c0000000, 0x00000000c0000000, 0x00000000c66f0000)
  from space 13120K,  28% used [0x00000000c66f0000, 0x00000000c6a97350, 0x00000000c73c0000)
  to   space 13120K,   0% used [0x00000000c73c0000, 0x00000000c73c0000, 0x00000000c8090000)
 tenured generation   total 263152K, used 254645K [0x00000000d5550000, 0x00000000e564c000, 0x0000000100000000)
   the space 263152K,  96% used [0x00000000d5550000, 0x00000000e4dfd7a8, 0x00000000e4dfd800, 0x00000000e564c000)
 Metaspace       used 96541K, capacity 100783K, committed 101080K, reserved 1138688K
  class space    used 12356K, capacity 12714K, committed 12800K, reserved 1048576K
}
Event: 158.070 GC heap before
{Heap before GC invocations=948 (full 15):
 def new generation   total 118528K, used 109148K [0x00000000c0000000, 0x00000000c8090000, 0x00000000d5550000)
  eden space 105408K, 100% used [0x00000000c0000000, 0x00000000c66f0000, 0x00000000c66f0000)
  from space 13120K,  28% used [0x00000000c66f0000, 0x00000000c6a97350, 0x00000000c73c0000)
  to   space 13120K,   0% used [0x00000000c73c0000, 0x00000000c73c0000, 0x00000000c8090000)
 tenured generation   total 263152K, used 254645K [0x00000000d5550000, 0x00000000e564c000, 0x0000000100000000)
   the space 263152K,  96% used [0x00000000d5550000, 0x00000000e4dfd7a8, 0x00000000e4dfd800, 0x00000000e564c000)
 Metaspace       used 96541K, capacity 100783K, committed 101080K, reserved 1138688K
  class space    used 12356K, capacity 12714K, committed 12800K, reserved 1048576K
Event: 158.082 GC heap after
Heap after GC invocations=949 (full 15):
 def new generation   total 118528K, used 3738K [0x00000000c0000000, 0x00000000c8090000, 0x00000000d5550000)
  eden space 105408K,   0% used [0x00000000c0000000, 0x00000000c0000000, 0x00000000c66f0000)
  from space 13120K,  28% used [0x00000000c73c0000, 0x00000000c7766800, 0x00000000c8090000)
  to   space 13120K,   0% used [0x00000000c66f0000, 0x00000000c66f0000, 0x00000000c73c0000)
 tenured generation   total 263152K, used 254645K [0x00000000d5550000, 0x00000000e564c000, 0x0000000100000000)
   the space 263152K,  96% used [0x00000000d5550000, 0x00000000e4dfd7a8, 0x00000000e4dfd800, 0x00000000e564c000)
 Metaspace       used 96541K, capacity 100783K, committed 101080K, reserved 1138688K
  class space    used 12356K, capacity 12714K, committed 12800K, reserved 1048576K
}
Event: 158.258 GC heap before
{Heap before GC invocations=949 (full 15):
 def new generation   total 118528K, used 106656K [0x00000000c0000000, 0x00000000c8090000, 0x00000000d5550000)
  eden space 105408K,  97% used [0x00000000c0000000, 0x00000000c6481be0, 0x00000000c66f0000)
  from space 13120K,  28% used [0x00000000c73c0000, 0x00000000c7766800, 0x00000000c8090000)
  to   space 13120K,   0% used [0x00000000c66f0000, 0x00000000c66f0000, 0x00000000c73c0000)
 tenured generation   total 263152K, used 254645K [0x00000000d5550000, 0x00000000e564c000, 0x0000000100000000)
   the space 263152K,  96% used [0x00000000d5550000, 0x00000000e4dfd7a8, 0x00000000e4dfd800, 0x00000000e564c000)
 Metaspace       used 96550K, capacity 100783K, committed 101080K, reserved 1138688K
  class space    used 12356K, capacity 12714K, committed 12800K, reserved 1048576K
Event: 158.262 GC heap after
Heap after GC invocations=950 (full 15):
 def new generation   total 118528K, used 2522K [0x00000000c0000000, 0x00000000c8090000, 0x00000000d5550000)
  eden space 105408K,   0% used [0x00000000c0000000, 0x00000000c0000000, 0x00000000c66f0000)
  from space 13120K,  19% used [0x00000000c66f0000, 0x00000000c6966b48, 0x00000000c73c0000)
  to   space 13120K,   0% used [0x00000000c73c0000, 0x00000000c73c0000, 0x00000000c8090000)
 tenured generation   total 263152K, used 254818K [0x00000000d5550000, 0x00000000e564c000, 0x0000000100000000)
   the space 263152K,  96% used [0x00000000d5550000, 0x00000000e4e28908, 0x00000000e4e28a00, 0x00000000e564c000)
 Metaspace       used 96550K, capacity 100783K, committed 101080K, reserved 1138688K
  class space    used 12356K, capacity 12714K, committed 12800K, reserved 1048576K
}
Event: 158.839 GC heap before
{Heap before GC invocations=950 (full 15):
 def new generation   total 118528K, used 107930K [0x00000000c0000000, 0x00000000c8090000, 0x00000000d5550000)
  eden space 105408K, 100% used [0x00000000c0000000, 0x00000000c66f0000, 0x00000000c66f0000)
  from space 13120K,  19% used [0x00000000c66f0000, 0x00000000c6966b48, 0x00000000c73c0000)
  to   space 13120K,   0% used [0x00000000c73c0000, 0x00000000c73c0000, 0x00000000c8090000)
 tenured generation   total 263152K, used 254818K [0x00000000d5550000, 0x00000000e564c000, 0x0000000100000000)
   the space 263152K,  96% used [0x00000000d5550000, 0x00000000e4e28908, 0x00000000e4e28a00, 0x00000000e564c000)
 Metaspace       used 96591K, capacity 100853K, committed 101080K, reserved 1138688K
  class space    used 12356K, capacity 12715K, committed 12800K, reserved 1048576K
Event: 158.844 GC heap after
Heap after GC invocations=951 (full 15):
 def new generation   total 118528K, used 3344K [0x00000000c0000000, 0x00000000c8090000, 0x00000000d5550000)
  eden space 105408K,   0% used [0x00000000c0000000, 0x00000000c0000000, 0x00000000c66f0000)
  from space 13120K,  25% used [0x00000000c73c0000, 0x00000000c77040a0, 0x00000000c8090000)
  to   space 13120K,   0% used [0x00000000c66f0000, 0x00000000c66f0000, 0x00000000c73c0000)
 tenured generation   total 263152K, used 254962K [0x00000000d5550000, 0x00000000e564c000, 0x0000000100000000)
   the space 263152K,  96% used [0x00000000d5550000, 0x00000000e4e4c9f8, 0x00000000e4e4ca00, 0x00000000e564c000)
 Metaspace       used 96591K, capacity 100853K, committed 101080K, reserved 1138688K
  class space    used 12356K, capacity 12715K, committed 12800K, reserved 1048576K
}
Event: 158.997 GC heap before
{Heap before GC invocations=951 (full 15):
 def new generation   total 118528K, used 108752K [0x00000000c0000000, 0x00000000c8090000, 0x00000000d5550000)
  eden space 105408K, 100% used [0x00000000c0000000, 0x00000000c66f0000, 0x00000000c66f0000)
  from space 13120K,  25% used [0x00000000c73c0000, 0x00000000c77040a0, 0x00000000c8090000)
  to   space 13120K,   0% used [0x00000000c66f0000, 0x00000000c66f0000, 0x00000000c73c0000)
 tenured generation   total 263152K, used 254962K [0x00000000d5550000, 0x00000000e564c000, 0x0000000100000000)
   the space 263152K,  96% used [0x00000000d5550000, 0x00000000e4e4c9f8, 0x00000000e4e4ca00, 0x00000000e564c000)
 Metaspace       used 96591K, capacity 100853K, committed 101080K, reserved 1138688K
  class space    used 12356K, capacity 12715K, committed 12800K, reserved 1048576K
Event: 159.001 GC heap after
Heap after GC invocations=952 (full 15):
 def new generation   total 118528K, used 1546K [0x00000000c0000000, 0x00000000c8090000, 0x00000000d5550000)
  eden space 105408K,   0% used [0x00000000c0000000, 0x00000000c0000000, 0x00000000c66f0000)
  from space 13120K,  11% used [0x00000000c66f0000, 0x00000000c6872818, 0x00000000c73c0000)
  to   space 13120K,   0% used [0x00000000c73c0000, 0x00000000c73c0000, 0x00000000c8090000)
 tenured generation   total 263152K, used 254962K [0x00000000d5550000, 0x00000000e564c000, 0x0000000100000000)
   the space 263152K,  96% used [0x00000000d5550000, 0x00000000e4e4c9f8, 0x00000000e4e4ca00, 0x00000000e564c000)
 Metaspace       used 96591K, capacity 100853K, committed 101080K, reserved 1138688K
  class space    used 12356K, capacity 12715K, committed 12800K, reserved 1048576K
}
Event: 159.092 GC heap before
{Heap before GC invocations=952 (full 15):
 def new generation   total 118528K, used 106954K [0x00000000c0000000, 0x00000000c8090000, 0x00000000d5550000)
  eden space 105408K, 100% used [0x00000000c0000000, 0x00000000c66f0000, 0x00000000c66f0000)
  from space 13120K,  11% used [0x00000000c66f0000, 0x00000000c6872818, 0x00000000c73c0000)
  to   space 13120K,   0% used [0x00000000c73c0000, 0x00000000c73c0000, 0x00000000c8090000)
 tenured generation   total 263152K, used 254962K [0x00000000d5550000, 0x00000000e564c000, 0x0000000100000000)
   the space 263152K,  96% used [0x00000000d5550000, 0x00000000e4e4c9f8, 0x00000000e4e4ca00, 0x00000000e564c000)
 Metaspace       used 96593K, capacity 100853K, committed 101080K, reserved 1138688K
  class space    used 12356K, capacity 12715K, committed 12800K, reserved 1048576K

