# JRE version: OpenJDK Runtime Environment (8.0_292-b10) (build 1.8.0_292-8u292-b10-0ubuntu1~16.04.1-b10)
# Java VM: OpenJDK 64-Bit Server VM (25.292-b10 mixed mode linux-amd64 compressed oops)
Heap:
 def new generation   total 118656K, used 107079K [0x00000000c0000000, 0x00000000c80b0000, 0x00000000d5550000)
  eden space 105536K, 100% used [0x00000000c0000000, 0x00000000c6710000, 0x00000000c6710000)
  from space 13120K,  11% used [0x00000000c73e0000, 0x00000000c7561e90, 0x00000000c80b0000)
  to   space 13120K,   9% used [0x00000000c6710000, 0x00000000c6852d80, 0x00000000c73e0000)
 tenured generation   total 263452K, used 251633K [0x00000000d5550000, 0x00000000e5697000, 0x0000000100000000)
   the space 263452K,  95% used [0x00000000d5550000, 0x00000000e4b0c6a8, 0x00000000e4b0c800, 0x00000000e5697000)
 Metaspace       used 96556K, capacity 100853K, committed 101080K, reserved 1138688K
  class space    used 12353K, capacity 12715K, committed 12800K, reserved 1048576K
GC Heap History (10 events):
Event: 161.874 GC heap after
Heap after GC invocations=1002 (full 16):
 def new generation   total 118656K, used 3737K [0x00000000c0000000, 0x00000000c80b0000, 0x00000000d5550000)
  eden space 105536K,   0% used [0x00000000c0000000, 0x00000000c0000000, 0x00000000c6710000)
  from space 13120K,  28% used [0x00000000c73e0000, 0x00000000c7786488, 0x00000000c80b0000)
  to   space 13120K,   0% used [0x00000000c6710000, 0x00000000c6710000, 0x00000000c73e0000)
 tenured generation   total 263452K, used 251292K [0x00000000d5550000, 0x00000000e5697000, 0x0000000100000000)
   the space 263452K,  95% used [0x00000000d5550000, 0x00000000e4ab73b0, 0x00000000e4ab7400, 0x00000000e5697000)
 Metaspace       used 96510K, capacity 100719K, committed 100824K, reserved 1136640K
  class space    used 12352K, capacity 12714K, committed 12800K, reserved 1048576K
}
Event: 162.066 GC heap before
{Heap before GC invocations=1002 (full 16):
 def new generation   total 118656K, used 109273K [0x00000000c0000000, 0x00000000c80b0000, 0x00000000d5550000)
  eden space 105536K, 100% used [0x00000000c0000000, 0x00000000c6710000, 0x00000000c6710000)
  from space 13120K,  28% used [0x00000000c73e0000, 0x00000000c7786488, 0x00000000c80b0000)
  to   space 13120K,   0% used [0x00000000c6710000, 0x00000000c6710000, 0x00000000c73e0000)
 tenured generation   total 263452K, used 251292K [0x00000000d5550000, 0x00000000e5697000, 0x0000000100000000)
   the space 263452K,  95% used [0x00000000d5550000, 0x00000000e4ab73b0, 0x00000000e4ab7400, 0x00000000e5697000)
 Metaspace       used 96510K, capacity 100719K, committed 100824K, reserved 1136640K
  class space    used 12352K, capacity 12714K, committed 12800K, reserved 1048576K
Event: 162.080 GC heap after
Heap after GC invocations=1003 (full 16):
 def new generation   total 118656K, used 3733K [0x00000000c0000000, 0x00000000c80b0000, 0x00000000d5550000)
  eden space 105536K,   0% used [0x00000000c0000000, 0x00000000c0000000, 0x00000000c6710000)
  from space 13120K,  28% used [0x00000000c6710000, 0x00000000c6ab5538, 0x00000000c73e0000)
  to   space 13120K,   0% used [0x00000000c73e0000, 0x00000000c73e0000, 0x00000000c80b0000)
 tenured generation   total 263452K, used 251296K [0x00000000d5550000, 0x00000000e5697000, 0x0000000100000000)
   the space 263452K,  95% used [0x00000000d5550000, 0x00000000e4ab8168, 0x00000000e4ab8200, 0x00000000e5697000)
 Metaspace       used 96510K, capacity 100719K, committed 100824K, reserved 1136640K
  class space    used 12352K, capacity 12714K, committed 12800K, reserved 1048576K
}
Event: 162.357 GC heap before
{Heap before GC invocations=1003 (full 16):
 def new generation   total 118656K, used 109269K [0x00000000c0000000, 0x00000000c80b0000, 0x00000000d5550000)
  eden space 105536K, 100% used [0x00000000c0000000, 0x00000000c6710000, 0x00000000c6710000)
  from space 13120K,  28% used [0x00000000c6710000, 0x00000000c6ab5538, 0x00000000c73e0000)
  to   space 13120K,   0% used [0x00000000c73e0000, 0x00000000c73e0000, 0x00000000c80b0000)
 tenured generation   total 263452K, used 251296K [0x00000000d5550000, 0x00000000e5697000, 0x0000000100000000)
   the space 263452K,  95% used [0x00000000d5550000, 0x00000000e4ab8168, 0x00000000e4ab8200, 0x00000000e5697000)
 Metaspace       used 96518K, capacity 100719K, committed 100824K, reserved 1136640K
  class space    used 12352K, capacity 12714K, committed 12800K, reserved 1048576K
Event: 162.362 GC heap after
Heap after GC invocations=1004 (full 16):
 def new generation   total 118656K, used 2940K [0x00000000c0000000, 0x00000000c80b0000, 0x00000000d5550000)
  eden space 105536K,   0% used [0x00000000c0000000, 0x00000000c0000000, 0x00000000c6710000)
  from space 13120K,  22% used [0x00000000c73e0000, 0x00000000c76bf330, 0x00000000c80b0000)
  to   space 13120K,   0% used [0x00000000c6710000, 0x00000000c6710000, 0x00000000c73e0000)
 tenured generation   total 263452K, used 251495K [0x00000000d5550000, 0x00000000e5697000, 0x0000000100000000)
   the space 263452K,  95% used [0x00000000d5550000, 0x00000000e4ae9f78, 0x00000000e4aea000, 0x00000000e5697000)
 Metaspace       used 96518K, capacity 100719K, committed 100824K, reserved 1136640K
  class space    used 12352K, capacity 12714K, committed 12800K, reserved 1048576K
}
Event: 168.779 GC heap before
{Heap before GC invocations=1004 (full 16):
 def new generation   total 118656K, used 108476K [0x00000000c0000000, 0x00000000c80b0000, 0x00000000d5550000)
  eden space 105536K, 100% used [0x00000000c0000000, 0x00000000c6710000, 0x00000000c6710000)
  from space 13120K,  22% used [0x00000000c73e0000, 0x00000000c76bf330, 0x00000000c80b0000)
  to   space 13120K,   0% used [0x00000000c6710000, 0x00000000c6710000, 0x00000000c73e0000)
 tenured generation   total 263452K, used 251495K [0x00000000d5550000, 0x00000000e5697000, 0x0000000100000000)
   the space 263452K,  95% used [0x00000000d5550000, 0x00000000e4ae9f78, 0x00000000e4aea000, 0x00000000e5697000)
 Metaspace       used 96551K, capacity 100789K, committed 101080K, reserved 1138688K
  class space    used 12352K, capacity 12715K, committed 12800K, reserved 1048576K
Event: 168.854 GC heap after
Heap after GC invocations=1005 (full 16):
 def new generation   total 118656K, used 3183K [0x00000000c0000000, 0x00000000c80b0000, 0x00000000d5550000)
  eden space 105536K,   0% used [0x00000000c0000000, 0x00000000c0000000, 0x00000000c6710000)
  from space 13120K,  24% used [0x00000000c6710000, 0x00000000c6a2be98, 0x00000000c73e0000)
  to   space 13120K,   0% used [0x00000000c73e0000, 0x00000000c73e0000, 0x00000000c80b0000)
 tenured generation   total 263452K, used 251624K [0x00000000d5550000, 0x00000000e5697000, 0x0000000100000000)
   the space 263452K,  95% used [0x00000000d5550000, 0x00000000e4b0a1e8, 0x00000000e4b0a200, 0x00000000e5697000)
 Metaspace       used 96551K, capacity 100789K, committed 101080K, reserved 1138688K
  class space    used 12352K, capacity 12715K, committed 12800K, reserved 1048576K
}
Event: 169.759 GC heap before
{Heap before GC invocations=1005 (full 16):
 def new generation   total 118656K, used 108719K [0x00000000c0000000, 0x00000000c80b0000, 0x00000000d5550000)
  eden space 105536K, 100% used [0x00000000c0000000, 0x00000000c6710000, 0x00000000c6710000)
  from space 13120K,  24% used [0x00000000c6710000, 0x00000000c6a2be98, 0x00000000c73e0000)
  to   space 13120K,   0% used [0x00000000c73e0000, 0x00000000c73e0000, 0x00000000c80b0000)
 tenured generation   total 263452K, used 251624K [0x00000000d5550000, 0x00000000e5697000, 0x0000000100000000)
   the space 263452K,  95% used [0x00000000d5550000, 0x00000000e4b0a1e8, 0x00000000e4b0a200, 0x00000000e5697000)
 Metaspace       used 96551K, capacity 100789K, committed 101080K, reserved 1138688K
  class space    used 12352K, capacity 12715K, committed 12800K, reserved 1048576K
Event: 169.776 GC heap after
Heap after GC invocations=1006 (full 16):
 def new generation   total 118656K, used 1543K [0x00000000c0000000, 0x00000000c80b0000, 0x00000000d5550000)
  eden space 105536K,   0% used [0x00000000c0000000, 0x00000000c0000000, 0x00000000c6710000)
  from space 13120K,  11% used [0x00000000c73e0000, 0x00000000c7561e90, 0x00000000c80b0000)
  to   space 13120K,   0% used [0x00000000c6710000, 0x00000000c6710000, 0x00000000c73e0000)
 tenured generation   total 263452K, used 251627K [0x00000000d5550000, 0x00000000e5697000, 0x0000000100000000)
   the space 263452K,  95% used [0x00000000d5550000, 0x00000000e4b0ae50, 0x00000000e4b0b000, 0x00000000e5697000)
 Metaspace       used 96551K, capacity 100789K, committed 101080K, reserved 1138688K
  class space    used 12352K, capacity 12715K, committed 12800K, reserved 1048576K
}
Event: 170.179 GC heap before
{Heap before GC invocations=1006 (full 16):
 def new generation   total 118656K, used 107079K [0x00000000c0000000, 0x00000000c80b0000, 0x00000000d5550000)
  eden space 105536K, 100% used [0x00000000c0000000, 0x00000000c6710000, 0x00000000c6710000)
  from space 13120K,  11% used [0x00000000c73e0000, 0x00000000c7561e90, 0x00000000c80b0000)
  to   space 13120K,   0% used [0x00000000c6710000, 0x00000000c6710000, 0x00000000c73e0000)
 tenured generation   total 263452K, used 251627K [0x00000000d5550000, 0x00000000e5697000, 0x0000000100000000)
   the space 263452K,  95% used [0x00000000d5550000, 0x00000000e4b0ae50, 0x00000000e4b0b000, 0x00000000e5697000)
 Metaspace       used 96556K, capacity 100853K, committed 101080K, reserved 1138688K
  class space    used 12353K, capacity 12715K, committed 12800K, reserved 1048576K

