# JRE version: OpenJDK Runtime Environment (8.0_292-b10) (build 1.8.0_292-8u292-b10-0ubuntu1~16.04.1-b10)
# Java VM: OpenJDK 64-Bit Server VM (25.292-b10 mixed mode linux-amd64 compressed oops)
Heap:
 def new generation   total 112704K, used 99970K [0x00000000c0000000, 0x00000000c7a40000, 0x00000000d5550000)
  eden space 100224K,  96% used [0x00000000c0000000, 0x00000000c5ec8e28, 0x00000000c61e0000)
  from space 12480K,  23% used [0x00000000c6e10000, 0x00000000c70e7bd0, 0x00000000c7a40000)
  to   space 12480K,  16% used [0x00000000c61e0000, 0x00000000c63df3d0, 0x00000000c6e10000)
 tenured generation   total 250312K, used 236477K [0x00000000d5550000, 0x00000000e49c2000, 0x0000000100000000)
   the space 250312K,  94% used [0x00000000d5550000, 0x00000000e3c3f4b8, 0x00000000e3c3f600, 0x00000000e49c2000)
 Metaspace       used 99823K, capacity 103439K, committed 104920K, reserved 1140736K
  class space    used 12768K, capacity 13029K, committed 13312K, reserved 1048576K
GC Heap History (10 events):
Event: 4237.281 GC heap after
Heap after GC invocations=1992 (full 25):
 def new generation   total 112704K, used 3361K [0x00000000c0000000, 0x00000000c7a40000, 0x00000000d5550000)
  eden space 100224K,   0% used [0x00000000c0000000, 0x00000000c0000000, 0x00000000c61e0000)
  from space 12480K,  26% used [0x00000000c6e10000, 0x00000000c7158538, 0x00000000c7a40000)
  to   space 12480K,   0% used [0x00000000c61e0000, 0x00000000c61e0000, 0x00000000c6e10000)
 tenured generation   total 250312K, used 236394K [0x00000000d5550000, 0x00000000e49c2000, 0x0000000100000000)
   the space 250312K,  94% used [0x00000000d5550000, 0x00000000e3c2abb8, 0x00000000e3c2ac00, 0x00000000e49c2000)
 Metaspace       used 99816K, capacity 103427K, committed 104920K, reserved 1140736K
  class space    used 12767K, capacity 13026K, committed 13312K, reserved 1048576K
}
Event: 4237.528 GC heap before
{Heap before GC invocations=1992 (full 25):
 def new generation   total 112704K, used 103406K [0x00000000c0000000, 0x00000000c7a40000, 0x00000000d5550000)
  eden space 100224K,  99% used [0x00000000c0000000, 0x00000000c61b36b0, 0x00000000c61e0000)
  from space 12480K,  26% used [0x00000000c6e10000, 0x00000000c7158538, 0x00000000c7a40000)
  to   space 12480K,   0% used [0x00000000c61e0000, 0x00000000c61e0000, 0x00000000c6e10000)
 tenured generation   total 250312K, used 236394K [0x00000000d5550000, 0x00000000e49c2000, 0x0000000100000000)
   the space 250312K,  94% used [0x00000000d5550000, 0x00000000e3c2abb8, 0x00000000e3c2ac00, 0x00000000e49c2000)
 Metaspace       used 99816K, capacity 103427K, committed 104920K, reserved 1140736K
  class space    used 12767K, capacity 13026K, committed 13312K, reserved 1048576K
Event: 4237.542 GC heap after
Heap after GC invocations=1993 (full 25):
 def new generation   total 112704K, used 3372K [0x00000000c0000000, 0x00000000c7a40000, 0x00000000d5550000)
  eden space 100224K,   0% used [0x00000000c0000000, 0x00000000c0000000, 0x00000000c61e0000)
  from space 12480K,  27% used [0x00000000c61e0000, 0x00000000c652b098, 0x00000000c6e10000)
  to   space 12480K,   0% used [0x00000000c6e10000, 0x00000000c6e10000, 0x00000000c7a40000)
 tenured generation   total 250312K, used 236467K [0x00000000d5550000, 0x00000000e49c2000, 0x0000000100000000)
   the space 250312K,  94% used [0x00000000d5550000, 0x00000000e3c3ce20, 0x00000000e3c3d000, 0x00000000e49c2000)
 Metaspace       used 99816K, capacity 103427K, committed 104920K, reserved 1140736K
  class space    used 12767K, capacity 13026K, committed 13312K, reserved 1048576K
}
Event: 4237.884 GC heap before
{Heap before GC invocations=1993 (full 25):
 def new generation   total 112704K, used 103596K [0x00000000c0000000, 0x00000000c7a40000, 0x00000000d5550000)
  eden space 100224K, 100% used [0x00000000c0000000, 0x00000000c61e0000, 0x00000000c61e0000)
  from space 12480K,  27% used [0x00000000c61e0000, 0x00000000c652b098, 0x00000000c6e10000)
  to   space 12480K,   0% used [0x00000000c6e10000, 0x00000000c6e10000, 0x00000000c7a40000)
 tenured generation   total 250312K, used 236467K [0x00000000d5550000, 0x00000000e49c2000, 0x0000000100000000)
   the space 250312K,  94% used [0x00000000d5550000, 0x00000000e3c3ce20, 0x00000000e3c3d000, 0x00000000e49c2000)
 Metaspace       used 99816K, capacity 103427K, committed 104920K, reserved 1140736K
  class space    used 12767K, capacity 13026K, committed 13312K, reserved 1048576K
Event: 4237.890 GC heap after
Heap after GC invocations=1994 (full 25):
 def new generation   total 112704K, used 3199K [0x00000000c0000000, 0x00000000c7a40000, 0x00000000d5550000)
  eden space 100224K,   0% used [0x00000000c0000000, 0x00000000c0000000, 0x00000000c61e0000)
  from space 12480K,  25% used [0x00000000c6e10000, 0x00000000c712fd48, 0x00000000c7a40000)
  to   space 12480K,   0% used [0x00000000c61e0000, 0x00000000c61e0000, 0x00000000c6e10000)
 tenured generation   total 250312K, used 236467K [0x00000000d5550000, 0x00000000e49c2000, 0x0000000100000000)
   the space 250312K,  94% used [0x00000000d5550000, 0x00000000e3c3cef8, 0x00000000e3c3d000, 0x00000000e49c2000)
 Metaspace       used 99816K, capacity 103427K, committed 104920K, reserved 1140736K
  class space    used 12767K, capacity 13026K, committed 13312K, reserved 1048576K
}
Event: 4238.160 GC heap before
{Heap before GC invocations=1994 (full 25):
 def new generation   total 112704K, used 103423K [0x00000000c0000000, 0x00000000c7a40000, 0x00000000d5550000)
  eden space 100224K, 100% used [0x00000000c0000000, 0x00000000c61e0000, 0x00000000c61e0000)
  from space 12480K,  25% used [0x00000000c6e10000, 0x00000000c712fd48, 0x00000000c7a40000)
  to   space 12480K,   0% used [0x00000000c61e0000, 0x00000000c61e0000, 0x00000000c6e10000)
 tenured generation   total 250312K, used 236467K [0x00000000d5550000, 0x00000000e49c2000, 0x0000000100000000)
   the space 250312K,  94% used [0x00000000d5550000, 0x00000000e3c3cef8, 0x00000000e3c3d000, 0x00000000e49c2000)
 Metaspace       used 99822K, capacity 103433K, committed 104920K, reserved 1140736K
  class space    used 12768K, capacity 13027K, committed 13312K, reserved 1048576K
Event: 4238.172 GC heap after
Heap after GC invocations=1995 (full 25):
 def new generation   total 112704K, used 2913K [0x00000000c0000000, 0x00000000c7a40000, 0x00000000d5550000)
  eden space 100224K,   0% used [0x00000000c0000000, 0x00000000c0000000, 0x00000000c61e0000)
  from space 12480K,  23% used [0x00000000c61e0000, 0x00000000c64b86a0, 0x00000000c6e10000)
  to   space 12480K,   0% used [0x00000000c6e10000, 0x00000000c6e10000, 0x00000000c7a40000)
 tenured generation   total 250312K, used 236467K [0x00000000d5550000, 0x00000000e49c2000, 0x0000000100000000)
   the space 250312K,  94% used [0x00000000d5550000, 0x00000000e3c3cef8, 0x00000000e3c3d000, 0x00000000e49c2000)
 Metaspace       used 99822K, capacity 103433K, committed 104920K, reserved 1140736K
  class space    used 12768K, capacity 13027K, committed 13312K, reserved 1048576K
}
Event: 4238.268 GC heap before
{Heap before GC invocations=1995 (full 25):
 def new generation   total 112704K, used 103137K [0x00000000c0000000, 0x00000000c7a40000, 0x00000000d5550000)
  eden space 100224K, 100% used [0x00000000c0000000, 0x00000000c61e0000, 0x00000000c61e0000)
  from space 12480K,  23% used [0x00000000c61e0000, 0x00000000c64b86a0, 0x00000000c6e10000)
  to   space 12480K,   0% used [0x00000000c6e10000, 0x00000000c6e10000, 0x00000000c7a40000)
 tenured generation   total 250312K, used 236467K [0x00000000d5550000, 0x00000000e49c2000, 0x0000000100000000)
   the space 250312K,  94% used [0x00000000d5550000, 0x00000000e3c3cef8, 0x00000000e3c3d000, 0x00000000e49c2000)
 Metaspace       used 99822K, capacity 103433K, committed 104920K, reserved 1140736K
  class space    used 12768K, capacity 13027K, committed 13312K, reserved 1048576K
Event: 4238.274 GC heap after
Heap after GC invocations=1996 (full 25):
 def new generation   total 112704K, used 2910K [0x00000000c0000000, 0x00000000c7a40000, 0x00000000d5550000)
  eden space 100224K,   0% used [0x00000000c0000000, 0x00000000c0000000, 0x00000000c61e0000)
  from space 12480K,  23% used [0x00000000c6e10000, 0x00000000c70e7bd0, 0x00000000c7a40000)
  to   space 12480K,   0% used [0x00000000c61e0000, 0x00000000c61e0000, 0x00000000c6e10000)
 tenured generation   total 250312K, used 236467K [0x00000000d5550000, 0x00000000e49c2000, 0x0000000100000000)
   the space 250312K,  94% used [0x00000000d5550000, 0x00000000e3c3cef8, 0x00000000e3c3d000, 0x00000000e49c2000)
 Metaspace       used 99822K, capacity 103433K, committed 104920K, reserved 1140736K
  class space    used 12768K, capacity 13027K, committed 13312K, reserved 1048576K
}
Event: 4238.401 GC heap before
{Heap before GC invocations=1996 (full 25):
 def new generation   total 112704K, used 99970K [0x00000000c0000000, 0x00000000c7a40000, 0x00000000d5550000)
  eden space 100224K,  96% used [0x00000000c0000000, 0x00000000c5ec8e28, 0x00000000c61e0000)
  from space 12480K,  23% used [0x00000000c6e10000, 0x00000000c70e7bd0, 0x00000000c7a40000)
  to   space 12480K,   0% used [0x00000000c61e0000, 0x00000000c61e0000, 0x00000000c6e10000)
 tenured generation   total 250312K, used 236467K [0x00000000d5550000, 0x00000000e49c2000, 0x0000000100000000)
   the space 250312K,  94% used [0x00000000d5550000, 0x00000000e3c3cef8, 0x00000000e3c3d000, 0x00000000e49c2000)
 Metaspace       used 99823K, capacity 103439K, committed 104920K, reserved 1140736K
  class space    used 12768K, capacity 13029K, committed 13312K, reserved 1048576K

