# JRE version: OpenJDK Runtime Environment (8.0_292-b10) (build 1.8.0_292-8u292-b10-0ubuntu1~16.04.1-b10)
# Java VM: OpenJDK 64-Bit Server VM (25.292-b10 mixed mode linux-amd64 compressed oops)
Heap:
 def new generation   total 120960K, used 108734K [0x00000000c0000000, 0x00000000c8340000, 0x00000000d5550000)
  eden space 107520K, 100% used [0x00000000c0000000, 0x00000000c6900000, 0x00000000c6900000)
  from space 13440K,   9% used [0x00000000c6900000, 0x00000000c6a2fbc0, 0x00000000c7620000)
  to   space 13440K,   1% used [0x00000000c7620000, 0x00000000c765c160, 0x00000000c8340000)
 tenured generation   total 268704K, used 255641K [0x00000000d5550000, 0x00000000e5bb8000, 0x0000000100000000)
   the space 268704K,  95% used [0x00000000d5550000, 0x00000000e4ef6450, 0x00000000e4ef6600, 0x00000000e5bb8000)
 Metaspace       used 97806K, capacity 101773K, committed 102104K, reserved 1138688K
  class space    used 12581K, capacity 12969K, committed 13056K, reserved 1048576K
GC Heap History (10 events):
Event: 201.196 GC heap after
Heap after GC invocations=1176 (full 17):
 def new generation   total 120960K, used 850K [0x00000000c0000000, 0x00000000c8340000, 0x00000000d5550000)
  eden space 107520K,   0% used [0x00000000c0000000, 0x00000000c0000000, 0x00000000c6900000)
  from space 13440K,   6% used [0x00000000c6900000, 0x00000000c69d4ae0, 0x00000000c7620000)
  to   space 13440K,   0% used [0x00000000c7620000, 0x00000000c7620000, 0x00000000c8340000)
 tenured generation   total 268704K, used 255638K [0x00000000d5550000, 0x00000000e5bb8000, 0x0000000100000000)
   the space 268704K,  95% used [0x00000000d5550000, 0x00000000e4ef5ab0, 0x00000000e4ef5c00, 0x00000000e5bb8000)
 Metaspace       used 97789K, capacity 101767K, committed 102104K, reserved 1138688K
  class space    used 12580K, capacity 12968K, committed 13056K, reserved 1048576K
}
Event: 201.354 GC heap before
{Heap before GC invocations=1176 (full 17):
 def new generation   total 120960K, used 108370K [0x00000000c0000000, 0x00000000c8340000, 0x00000000d5550000)
  eden space 107520K, 100% used [0x00000000c0000000, 0x00000000c6900000, 0x00000000c6900000)
  from space 13440K,   6% used [0x00000000c6900000, 0x00000000c69d4ae0, 0x00000000c7620000)
  to   space 13440K,   0% used [0x00000000c7620000, 0x00000000c7620000, 0x00000000c8340000)
 tenured generation   total 268704K, used 255638K [0x00000000d5550000, 0x00000000e5bb8000, 0x0000000100000000)
   the space 268704K,  95% used [0x00000000d5550000, 0x00000000e4ef5ab0, 0x00000000e4ef5c00, 0x00000000e5bb8000)
 Metaspace       used 97789K, capacity 101767K, committed 102104K, reserved 1138688K
  class space    used 12580K, capacity 12968K, committed 13056K, reserved 1048576K
Event: 201.357 GC heap after
Heap after GC invocations=1177 (full 17):
 def new generation   total 120960K, used 848K [0x00000000c0000000, 0x00000000c8340000, 0x00000000d5550000)
  eden space 107520K,   0% used [0x00000000c0000000, 0x00000000c0000000, 0x00000000c6900000)
  from space 13440K,   6% used [0x00000000c7620000, 0x00000000c76f40e8, 0x00000000c8340000)
  to   space 13440K,   0% used [0x00000000c6900000, 0x00000000c6900000, 0x00000000c7620000)
 tenured generation   total 268704K, used 255638K [0x00000000d5550000, 0x00000000e5bb8000, 0x0000000100000000)
   the space 268704K,  95% used [0x00000000d5550000, 0x00000000e4ef5ab0, 0x00000000e4ef5c00, 0x00000000e5bb8000)
 Metaspace       used 97789K, capacity 101767K, committed 102104K, reserved 1138688K
  class space    used 12580K, capacity 12968K, committed 13056K, reserved 1048576K
}
Event: 201.627 GC heap before
{Heap before GC invocations=1177 (full 17):
 def new generation   total 120960K, used 108368K [0x00000000c0000000, 0x00000000c8340000, 0x00000000d5550000)
  eden space 107520K, 100% used [0x00000000c0000000, 0x00000000c6900000, 0x00000000c6900000)
  from space 13440K,   6% used [0x00000000c7620000, 0x00000000c76f40e8, 0x00000000c8340000)
  to   space 13440K,   0% used [0x00000000c6900000, 0x00000000c6900000, 0x00000000c7620000)
 tenured generation   total 268704K, used 255638K [0x00000000d5550000, 0x00000000e5bb8000, 0x0000000100000000)
   the space 268704K,  95% used [0x00000000d5550000, 0x00000000e4ef5ab0, 0x00000000e4ef5c00, 0x00000000e5bb8000)
 Metaspace       used 97792K, capacity 101767K, committed 102104K, reserved 1138688K
  class space    used 12580K, capacity 12968K, committed 13056K, reserved 1048576K
Event: 201.633 GC heap after
Heap after GC invocations=1178 (full 17):
 def new generation   total 120960K, used 261K [0x00000000c0000000, 0x00000000c8340000, 0x00000000d5550000)
  eden space 107520K,   0% used [0x00000000c0000000, 0x00000000c0000000, 0x00000000c6900000)
  from space 13440K,   1% used [0x00000000c6900000, 0x00000000c69415c8, 0x00000000c7620000)
  to   space 13440K,   0% used [0x00000000c7620000, 0x00000000c7620000, 0x00000000c8340000)
 tenured generation   total 268704K, used 255638K [0x00000000d5550000, 0x00000000e5bb8000, 0x0000000100000000)
   the space 268704K,  95% used [0x00000000d5550000, 0x00000000e4ef5ab0, 0x00000000e4ef5c00, 0x00000000e5bb8000)
 Metaspace       used 97792K, capacity 101767K, committed 102104K, reserved 1138688K
  class space    used 12580K, capacity 12968K, committed 13056K, reserved 1048576K
}
Event: 202.042 GC heap before
{Heap before GC invocations=1178 (full 17):
 def new generation   total 120960K, used 107781K [0x00000000c0000000, 0x00000000c8340000, 0x00000000d5550000)
  eden space 107520K, 100% used [0x00000000c0000000, 0x00000000c6900000, 0x00000000c6900000)
  from space 13440K,   1% used [0x00000000c6900000, 0x00000000c69415c8, 0x00000000c7620000)
  to   space 13440K,   0% used [0x00000000c7620000, 0x00000000c7620000, 0x00000000c8340000)
 tenured generation   total 268704K, used 255638K [0x00000000d5550000, 0x00000000e5bb8000, 0x0000000100000000)
   the space 268704K,  95% used [0x00000000d5550000, 0x00000000e4ef5ab0, 0x00000000e4ef5c00, 0x00000000e5bb8000)
 Metaspace       used 97804K, capacity 101773K, committed 102104K, reserved 1138688K
  class space    used 12581K, capacity 12969K, committed 13056K, reserved 1048576K
Event: 202.049 GC heap after
Heap after GC invocations=1179 (full 17):
 def new generation   total 120960K, used 1217K [0x00000000c0000000, 0x00000000c8340000, 0x00000000d5550000)
  eden space 107520K,   0% used [0x00000000c0000000, 0x00000000c0000000, 0x00000000c6900000)
  from space 13440K,   9% used [0x00000000c7620000, 0x00000000c7750738, 0x00000000c8340000)
  to   space 13440K,   0% used [0x00000000c6900000, 0x00000000c6900000, 0x00000000c7620000)
 tenured generation   total 268704K, used 255638K [0x00000000d5550000, 0x00000000e5bb8000, 0x0000000100000000)
   the space 268704K,  95% used [0x00000000d5550000, 0x00000000e4ef5ab0, 0x00000000e4ef5c00, 0x00000000e5bb8000)
 Metaspace       used 97804K, capacity 101773K, committed 102104K, reserved 1138688K
  class space    used 12581K, capacity 12969K, committed 13056K, reserved 1048576K
}
Event: 202.199 GC heap before
{Heap before GC invocations=1179 (full 17):
 def new generation   total 120960K, used 108737K [0x00000000c0000000, 0x00000000c8340000, 0x00000000d5550000)
  eden space 107520K, 100% used [0x00000000c0000000, 0x00000000c6900000, 0x00000000c6900000)
  from space 13440K,   9% used [0x00000000c7620000, 0x00000000c7750738, 0x00000000c8340000)
  to   space 13440K,   0% used [0x00000000c6900000, 0x00000000c6900000, 0x00000000c7620000)
 tenured generation   total 268704K, used 255638K [0x00000000d5550000, 0x00000000e5bb8000, 0x0000000100000000)
   the space 268704K,  95% used [0x00000000d5550000, 0x00000000e4ef5ab0, 0x00000000e4ef5c00, 0x00000000e5bb8000)
 Metaspace       used 97804K, capacity 101773K, committed 102104K, reserved 1138688K
  class space    used 12581K, capacity 12969K, committed 13056K, reserved 1048576K
Event: 202.203 GC heap after
Heap after GC invocations=1180 (full 17):
 def new generation   total 120960K, used 1214K [0x00000000c0000000, 0x00000000c8340000, 0x00000000d5550000)
  eden space 107520K,   0% used [0x00000000c0000000, 0x00000000c0000000, 0x00000000c6900000)
  from space 13440K,   9% used [0x00000000c6900000, 0x00000000c6a2fbc0, 0x00000000c7620000)
  to   space 13440K,   0% used [0x00000000c7620000, 0x00000000c7620000, 0x00000000c8340000)
 tenured generation   total 268704K, used 255638K [0x00000000d5550000, 0x00000000e5bb8000, 0x0000000100000000)
   the space 268704K,  95% used [0x00000000d5550000, 0x00000000e4ef5ab0, 0x00000000e4ef5c00, 0x00000000e5bb8000)
 Metaspace       used 97804K, capacity 101773K, committed 102104K, reserved 1138688K
  class space    used 12581K, capacity 12969K, committed 13056K, reserved 1048576K
}
Event: 202.355 GC heap before
{Heap before GC invocations=1180 (full 17):
 def new generation   total 120960K, used 108734K [0x00000000c0000000, 0x00000000c8340000, 0x00000000d5550000)
  eden space 107520K, 100% used [0x00000000c0000000, 0x00000000c6900000, 0x00000000c6900000)
  from space 13440K,   9% used [0x00000000c6900000, 0x00000000c6a2fbc0, 0x00000000c7620000)
  to   space 13440K,   0% used [0x00000000c7620000, 0x00000000c7620000, 0x00000000c8340000)
 tenured generation   total 268704K, used 255638K [0x00000000d5550000, 0x00000000e5bb8000, 0x0000000100000000)
   the space 268704K,  95% used [0x00000000d5550000, 0x00000000e4ef5ab0, 0x00000000e4ef5c00, 0x00000000e5bb8000)
 Metaspace       used 97806K, capacity 101773K, committed 102104K, reserved 1138688K
  class space    used 12581K, capacity 12969K, committed 13056K, reserved 1048576K

